<?xml version="1.0" encoding="UTF-8"?>
<!-- Generated by org.testng.reporters.JUnitReportReporter -->
<testsuite skipped="0" hostname="NetPC" name="appiumcourse.AppiumMaven.ecommerce_tc_4" tests="1" failures="0" timestamp="2020-02-13T15:27:38 CST" time="58.172" errors="0">
  <testcase name="totalValidation" time="58.172" classname="appiumcourse.AppiumMaven.ecommerce_tc_4"/>
</testsuite> <!-- appiumcourse.AppiumMaven.ecommerce_tc_4 -->
