<?xml version="1.0" encoding="UTF-8"?>
<!-- Generated by org.testng.reporters.JUnitReportReporter -->
<testsuite skipped="0" hostname="NetPC" name="appiumcourse.AppiumMaven.ecommerceTest" tests="1" failures="0" timestamp="2020-02-24T10:22:08 CST" time="103.575" errors="0">
  <testcase name="totalValidation" time="103.575" classname="appiumcourse.AppiumMaven.ecommerceTest"/>
</testsuite> <!-- appiumcourse.AppiumMaven.ecommerceTest -->
