<?xml version="1.0" encoding="UTF-8"?>
<!-- Generated by org.testng.reporters.JUnitReportReporter -->
<testsuite skipped="0" hostname="NetPC" name="appiumcourse.AppiumMaven.apiDemoTest" tests="2" failures="0" timestamp="2020-02-24T10:22:08 CST" time="176.553" errors="0">
  <testcase name="apiDemo" time="88.882" classname="appiumcourse.AppiumMaven.apiDemoTest"/>
  <testcase name="apiDemo" time="87.671" classname="appiumcourse.AppiumMaven.apiDemoTest"/>
</testsuite> <!-- appiumcourse.AppiumMaven.apiDemoTest -->
