<?xml version="1.0" encoding="UTF-8"?>
<!-- Generated by org.testng.reporters.JUnitReportReporter -->
<testsuite hostname="NetPC" failures="0" tests="1" name="appiumcourse.AppiumMaven.ecommerceTest" time="44.459" errors="0" timestamp="2020-02-24T11:53:02 CST" skipped="0">
  <testcase classname="appiumcourse.AppiumMaven.ecommerceTest" name="totalValidation" time="44.459"/>
</testsuite> <!-- appiumcourse.AppiumMaven.ecommerceTest -->
