<?xml version="1.0" encoding="UTF-8"?>
<!-- Generated by org.testng.reporters.JUnitReportReporter -->
<testsuite hostname="NetPC" failures="0" tests="2" name="appiumcourse.AppiumMaven.apiDemoTest" time="77.049" errors="0" timestamp="2020-02-24T11:53:02 CST" skipped="0">
  <testcase classname="appiumcourse.AppiumMaven.apiDemoTest" name="apiDemo" time="39.144"/>
  <testcase classname="appiumcourse.AppiumMaven.apiDemoTest" name="apiDemo" time="37.905"/>
</testsuite> <!-- appiumcourse.AppiumMaven.apiDemoTest -->
